Flow report for X
Sat Jan 06 01:44:04 2024
Quartus II 64-Bit Version 9.1 Build 350 03/24/2010 Service Pack 2 SJ Full Version


---------------------
; Table of Contents ;
---------------------
  1. Legal Notice
  2. Flow Summary
  3. Flow Settings
  4. Flow Non-Default Global Settings
  5. Flow Elapsed Time
  6. Flow OS Summary
  7. Flow Log



----------------
; Legal Notice ;
----------------
Copyright (C) 1991-2010 Altera Corporation
Your use of Altera Corporation's design tools, logic functions 
and other software and tools, and its AMPP partner logic 
functions, and any output files from any of the foregoing 
(including device programming or simulation files), and any 
associated documentation or information are expressly subject 
to the terms and conditions of the Altera Program License 
Subscription Agreement, Altera MegaCore Function License 
Agreement, or other applicable license agreement, including, 
without limitation, that your use is for the sole purpose of 
programming logic devices manufactured by Altera and sold by 
Altera or its authorized distributors.  Please refer to the 
applicable agreement for further details.



+---------------------------------------------------------------------------+
; Flow Summary                                                              ;
+---------------------------+-----------------------------------------------+
; Flow Status               ; Successful - Sat Jan 06 01:44:04 2024         ;
; Quartus II 64-Bit Version ; 9.1 Build 350 03/24/2010 SP 2 SJ Full Version ;
; Revision Name             ; X                                             ;
; Top-level Entity Name     ; X                                             ;
; Family                    ; MAX7000S                                      ;
; Device                    ; EPM7032SLC44-6                                ;
; Timing Models             ; Final                                         ;
; Met timing requirements   ; Yes                                           ;
; Total macrocells          ; 19 / 32 ( 59 % )                              ;
; Total pins                ; 17 / 36 ( 47 % )                              ;
+---------------------------+-----------------------------------------------+


+-----------------------------------------+
; Flow Settings                           ;
+-------------------+---------------------+
; Option            ; Setting             ;
+-------------------+---------------------+
; Start date & time ; 01/06/2024 01:43:59 ;
; Main task         ; Compilation         ;
; Revision Name     ; X                   ;
+-------------------+---------------------+


+------------------------------------------------------------------------------------------------------------------+
; Flow Non-Default Global Settings                                                                                 ;
+------------------------------------+------------------------------+---------------+-------------+----------------+
; Assignment Name                    ; Value                        ; Default Value ; Entity Name ; Section Id     ;
+------------------------------------+------------------------------+---------------+-------------+----------------+
; COMPILER_SIGNATURE_ID              ; 345052392910.170450543909472 ; --            ; --          ; --             ;
; MAX_CORE_JUNCTION_TEMP             ; 85                           ; --            ; --          ; --             ;
; MIN_CORE_JUNCTION_TEMP             ; 0                            ; --            ; --          ; --             ;
; USE_GENERATED_PHYSICAL_CONSTRAINTS ; Off                          ; --            ; --          ; eda_blast_fpga ;
+------------------------------------+------------------------------+---------------+-------------+----------------+


+-----------------------------------------------------------------------------------------------------------------------------+
; Flow Elapsed Time                                                                                                           ;
+-------------------------+--------------+-------------------------+---------------------+------------------------------------+
; Module Name             ; Elapsed Time ; Average Processors Used ; Peak Virtual Memory ; Total CPU Time (on all processors) ;
+-------------------------+--------------+-------------------------+---------------------+------------------------------------+
; Analysis & Synthesis    ; 00:00:01     ; 1.0                     ; 4413 MB             ; 00:00:01                           ;
; Fitter                  ; 00:00:01     ; 1.0                     ; 4405 MB             ; 00:00:00                           ;
; Assembler               ; 00:00:00     ; 1.0                     ; 4349 MB             ; 00:00:00                           ;
; Classic Timing Analyzer ; 00:00:00     ; 1.0                     ; 4325 MB             ; 00:00:00                           ;
; Total                   ; 00:00:02     ; --                      ; --                  ; 00:00:01                           ;
+-------------------------+--------------+-------------------------+---------------------+------------------------------------+


+------------------------------------------------------------------------------------------+
; Flow OS Summary                                                                          ;
+-------------------------+------------------+---------------+------------+----------------+
; Module Name             ; Machine Hostname ; OS Name       ; OS Version ; Processor type ;
+-------------------------+------------------+---------------+------------+----------------+
; Analysis & Synthesis    ; v-pc-Elect-13    ; Windows Vista ; 6.2        ; x86_64         ;
; Fitter                  ; v-pc-Elect-13    ; Windows Vista ; 6.2        ; x86_64         ;
; Assembler               ; v-pc-Elect-13    ; Windows Vista ; 6.2        ; x86_64         ;
; Classic Timing Analyzer ; v-pc-Elect-13    ; Windows Vista ; 6.2        ; x86_64         ;
+-------------------------+------------------+---------------+------------+----------------+


------------
; Flow Log ;
------------
quartus_map --read_settings_files=on --write_settings_files=off X -c X
quartus_fit --read_settings_files=off --write_settings_files=off X -c X
quartus_asm --read_settings_files=off --write_settings_files=off X -c X
quartus_tan --read_settings_files=off --write_settings_files=off X -c X



