Analysis & Synthesis report for X
Sat Jan 06 01:44:00 2024
Quartus II 64-Bit Version 9.1 Build 350 03/24/2010 Service Pack 2 SJ Full Version


---------------------
; Table of Contents ;
---------------------
  1. Legal Notice
  2. Analysis & Synthesis Summary
  3. Analysis & Synthesis Settings
  4. Parallel Compilation
  5. Analysis & Synthesis Source Files Read
  6. Analysis & Synthesis Resource Usage Summary
  7. Analysis & Synthesis Resource Utilization by Entity
  8. Registers Removed During Synthesis
  9. Port Connectivity Checks: "ParityGenerator:parity_gen"
 10. Analysis & Synthesis Messages



----------------
; Legal Notice ;
----------------
Copyright (C) 1991-2010 Altera Corporation
Your use of Altera Corporation's design tools, logic functions 
and other software and tools, and its AMPP partner logic 
functions, and any output files from any of the foregoing 
(including device programming or simulation files), and any 
associated documentation or information are expressly subject 
to the terms and conditions of the Altera Program License 
Subscription Agreement, Altera MegaCore Function License 
Agreement, or other applicable license agreement, including, 
without limitation, that your use is for the sole purpose of 
programming logic devices manufactured by Altera and sold by 
Altera or its authorized distributors.  Please refer to the 
applicable agreement for further details.



+-----------------------------------------------------------------------------+
; Analysis & Synthesis Summary                                                ;
+-----------------------------+-----------------------------------------------+
; Analysis & Synthesis Status ; Successful - Sat Jan 06 01:44:00 2024         ;
; Quartus II 64-Bit Version   ; 9.1 Build 350 03/24/2010 SP 2 SJ Full Version ;
; Revision Name               ; X                                             ;
; Top-level Entity Name       ; X                                             ;
; Family                      ; MAX7000S                                      ;
; Total macrocells            ; 19                                            ;
; Total pins                  ; 13                                            ;
+-----------------------------+-----------------------------------------------+


+-------------------------------------------------------------------------------------------------------------+
; Analysis & Synthesis Settings                                                                               ;
+----------------------------------------------------------------------------+----------------+---------------+
; Option                                                                     ; Setting        ; Default Value ;
+----------------------------------------------------------------------------+----------------+---------------+
; Device                                                                     ; EPM7032SLC44-6 ;               ;
; Top-level entity name                                                      ; X              ; X             ;
; Family name                                                                ; MAX7000S       ; Stratix II    ;
; Use Generated Physical Constraints File                                    ; Off            ;               ;
; Use smart compilation                                                      ; Off            ; Off           ;
; Enable parallel Assembler and TimeQuest Timing Analyzer during compilation ; On             ; On            ;
; Enable compact report table                                                ; Off            ; Off           ;
; Create Debugging Nodes for IP Cores                                        ; Off            ; Off           ;
; Preserve fewer node names                                                  ; On             ; On            ;
; Disable OpenCore Plus hardware evaluation                                  ; Off            ; Off           ;
; Verilog Version                                                            ; Verilog_2001   ; Verilog_2001  ;
; VHDL Version                                                               ; VHDL_1993      ; VHDL_1993     ;
; State Machine Processing                                                   ; Auto           ; Auto          ;
; Safe State Machine                                                         ; Off            ; Off           ;
; Extract Verilog State Machines                                             ; On             ; On            ;
; Extract VHDL State Machines                                                ; On             ; On            ;
; Ignore Verilog initial constructs                                          ; Off            ; Off           ;
; Iteration limit for constant Verilog loops                                 ; 5000           ; 5000          ;
; Iteration limit for non-constant Verilog loops                             ; 250            ; 250           ;
; Add Pass-Through Logic to Inferred RAMs                                    ; On             ; On            ;
; Parallel Synthesis                                                         ; On             ; On            ;
; NOT Gate Push-Back                                                         ; On             ; On            ;
; Power-Up Don't Care                                                        ; On             ; On            ;
; Remove Duplicate Registers                                                 ; On             ; On            ;
; Ignore CARRY Buffers                                                       ; Off            ; Off           ;
; Ignore CASCADE Buffers                                                     ; Off            ; Off           ;
; Ignore GLOBAL Buffers                                                      ; Off            ; Off           ;
; Ignore ROW GLOBAL Buffers                                                  ; Off            ; Off           ;
; Ignore LCELL Buffers                                                       ; Auto           ; Auto          ;
; Ignore SOFT Buffers                                                        ; Off            ; Off           ;
; Limit AHDL Integers to 32 Bits                                             ; Off            ; Off           ;
; Optimization Technique                                                     ; Speed          ; Speed         ;
; Allow XOR Gate Usage                                                       ; On             ; On            ;
; Auto Logic Cell Insertion                                                  ; On             ; On            ;
; Parallel Expander Chain Length                                             ; 4              ; 4             ;
; Auto Parallel Expanders                                                    ; On             ; On            ;
; Auto Open-Drain Pins                                                       ; On             ; On            ;
; Auto Resource Sharing                                                      ; Off            ; Off           ;
; Maximum Fan-in Per Macrocell                                               ; 100            ; 100           ;
; Use LogicLock Constraints during Resource Balancing                        ; On             ; On            ;
; Ignore translate_off and synthesis_off directives                          ; Off            ; Off           ;
; Show Parameter Settings Tables in Synthesis Report                         ; On             ; On            ;
; HDL message level                                                          ; Level2         ; Level2        ;
; Suppress Register Optimization Related Messages                            ; Off            ; Off           ;
; Number of Removed Registers Reported in Synthesis Report                   ; 5000           ; 5000          ;
; Number of Inverted Registers Reported in Synthesis Report                  ; 100            ; 100           ;
; Block Design Naming                                                        ; Auto           ; Auto          ;
; Synthesis Effort                                                           ; Auto           ; Auto          ;
; Shift Register Replacement - Allow Asynchronous Clear Signal               ; On             ; On            ;
; Analysis & Synthesis Message Level                                         ; Medium         ; Medium        ;
; Disable Register Merging Across Hierarchies                                ; Auto           ; Auto          ;
+----------------------------------------------------------------------------+----------------+---------------+


+------------------------------------------+
; Parallel Compilation                     ;
+----------------------------+-------------+
; Processors                 ; Number      ;
+----------------------------+-------------+
; Number detected on machine ; 4           ;
; Maximum allowed            ; 4           ;
;                            ;             ;
; Average used               ; 1.00        ;
; Maximum used               ; 1           ;
;                            ;             ;
; Usage by Processor         ; % Time Used ;
;     1 processor            ; 100.0%      ;
;     2-4 processors         ;   0.0%      ;
+----------------------------+-------------+


+---------------------------------------------------------------------------------------------------------------------------------------------------+
; Analysis & Synthesis Source Files Read                                                                                                            ;
+----------------------------------+-----------------+------------------------+---------------------------------------------------------------------+
; File Name with User-Entered Path ; Used in Netlist ; File Type              ; File Name with Absolute Path                                        ;
+----------------------------------+-----------------+------------------------+---------------------------------------------------------------------+
; X.v                              ; yes             ; User Verilog HDL File  ; H:/EE2660(DegitaiSystemDesignSimulation)/Part2/Section3_task2/X/X.v ;
+----------------------------------+-----------------+------------------------+---------------------------------------------------------------------+


+---------------------------------------------+
; Analysis & Synthesis Resource Usage Summary ;
+----------------------+----------------------+
; Resource             ; Usage                ;
+----------------------+----------------------+
; Logic cells          ; 19                   ;
; Total registers      ; 12                   ;
; I/O pins             ; 13                   ;
; Maximum fan-out node ; clk                  ;
; Maximum fan-out      ; 12                   ;
; Total fan-out        ; 66                   ;
; Average fan-out      ; 2.06                 ;
+----------------------+----------------------+


+--------------------------------------------------------------------------------------------------------------------+
; Analysis & Synthesis Resource Utilization by Entity                                                                ;
+-----------------------------------------+------------+------+---------------------------------------+--------------+
; Compilation Hierarchy Node              ; Macrocells ; Pins ; Full Hierarchy Name                   ; Library Name ;
+-----------------------------------------+------------+------+---------------------------------------+--------------+
; |X                                      ; 19         ; 13   ; |X                                    ; work         ;
;    |BrunelIDNumberGenerator:brunel_gen| ; 15         ; 0    ; |X|BrunelIDNumberGenerator:brunel_gen ; work         ;
+-----------------------------------------+------------+------+---------------------------------------+--------------+


+---------------------------------------------------------------------------------------------+
; Registers Removed During Synthesis                                                          ;
+----------------------------------------------------+----------------------------------------+
; Register name                                      ; Reason for Removal                     ;
+----------------------------------------------------+----------------------------------------+
; BrunelIDNumberGenerator:brunel_gen|currentDigit[3] ; Stuck at GND due to stuck port data_in ;
; BrunelIDNumberGenerator:brunel_gen|digit[3]        ; Stuck at GND due to stuck port data_in ;
; Total Number of Removed Registers = 2              ;                                        ;
+----------------------------------------------------+----------------------------------------+


+---------------------------------------------------------------------------------------------------------------------------------------------------------------------------------------------------------+
; Port Connectivity Checks: "ParityGenerator:parity_gen"                                                                                                                                                  ;
+-------------+--------+----------+-----------------------------------------------------------------------------------------------------------------------------------------------------------------------+
; Port        ; Type   ; Severity ; Details                                                                                                                                                               ;
+-------------+--------+----------+-----------------------------------------------------------------------------------------------------------------------------------------------------------------------+
; odd_parity  ; Output ; Warning  ; Output or bidir port (1 bits) is smaller than the port expression (4 bits) it drives.  The 3 most-significant bit(s) in the port expression will be connected to GND. ;
; even_parity ; Output ; Warning  ; Output or bidir port (1 bits) is smaller than the port expression (4 bits) it drives.  The 3 most-significant bit(s) in the port expression will be connected to GND. ;
+-------------+--------+----------+-----------------------------------------------------------------------------------------------------------------------------------------------------------------------+


+-------------------------------+
; Analysis & Synthesis Messages ;
+-------------------------------+
Info: *******************************************************************
Info: Running Quartus II 64-Bit Analysis & Synthesis
    Info: Version 9.1 Build 350 03/24/2010 Service Pack 2 SJ Full Version
    Info: Processing started: Sat Jan 06 01:43:59 2024
Info: Command: quartus_map --read_settings_files=on --write_settings_files=off X -c X
Info: Parallel compilation is enabled and will use 4 of the 4 processors detected
Info: Found 4 design units, including 4 entities, in source file x.v
    Info: Found entity 1: X
    Info: Found entity 2: BrunelIDNumberGenerator
    Info: Found entity 3: BinaryToBCDEncoder
    Info: Found entity 4: ParityGenerator
Info: Elaborating entity "X" for the top level hierarchy
Info: Elaborating entity "BrunelIDNumberGenerator" for hierarchy "BrunelIDNumberGenerator:brunel_gen"
Warning (10230): Verilog HDL assignment warning at X.v(54): truncated value with size 32 to match size of target (3)
Info: Elaborating entity "BinaryToBCDEncoder" for hierarchy "BinaryToBCDEncoder:bcd_encoder"
Info: Elaborating entity "ParityGenerator" for hierarchy "ParityGenerator:parity_gen"
Warning: 1 hierarchies have connectivity warnings - see the Connectivity Checks report folder
Warning: Output pins are stuck at VCC or GND
    Warning (13410): Pin "digit[3]" is stuck at GND
    Warning (13410): Pin "bcd[3]" is stuck at GND
    Warning (13410): Pin "odd_parity" is stuck at VCC
    Warning (13410): Pin "even_parity" is stuck at GND
Info: Promoted pin-driven signal(s) to global signal
    Info: Promoted clock signal driven by pin "clk" to global clock signal
Info: Implemented 32 device resources after synthesis - the final resource count might be different
    Info: Implemented 3 input pins
    Info: Implemented 10 output pins
    Info: Implemented 19 macrocells
Info: Quartus II 64-Bit Analysis & Synthesis was successful. 0 errors, 7 warnings
    Info: Peak virtual memory: 4413 megabytes
    Info: Processing ended: Sat Jan 06 01:44:00 2024
    Info: Elapsed time: 00:00:01
    Info: Total CPU time (on all processors): 00:00:01


